<?xml version="1.0" encoding="UTF-8"?>
<!-- Generated by org.testng.reporters.JUnitReportReporter -->
<testsuite hostname="LAPTOP-3PKIGPSN" failures="0" tests="1" name="V_tiger.TC_01_Test" time="19.602" errors="0" timestamp="2023-07-04T08:45:13 IST" skipped="0">
  <testcase classname="V_tiger.TC_01_Test" name="createOraganization" time="19.602"/>
  <system-out/>
</testsuite> <!-- V_tiger.TC_01_Test -->
