<?xml version="1.0" encoding="UTF-8"?>
<!-- Generated by org.testng.reporters.JUnitReportReporter -->
<testsuite hostname="LAPTOP-3PKIGPSN" failures="0" tests="1" name="practice.XMLParameterization" time="19.123" errors="0" timestamp="2023-06-09T08:45:36 IST" skipped="0">
  <testcase classname="practice.XMLParameterization" name="SwiggyTest" time="19.123"/>
  <system-out/>
</testsuite> <!-- practice.XMLParameterization -->
