<?xml version="1.0" encoding="UTF-8"?>
<!-- Generated by org.testng.reporters.JUnitReportReporter -->
<testsuite hostname="LAPTOP-3PKIGPSN" failures="0" tests="1" name="V_tiger.TC_07" time="19.979" errors="0" timestamp="2023-06-29T09:41:04 IST" skipped="0">
  <testcase classname="V_tiger.TC_07" name="dataProviders" time="19.979"/>
  <system-out/>
</testsuite> <!-- V_tiger.TC_07 -->
