<?xml version="1.0" encoding="UTF-8"?>
<!-- Generated by org.testng.reporters.JUnitReportReporter -->
<testsuite hostname="LAPTOP-3PKIGPSN" failures="0" tests="2" name="demo_package.Annotations" time="9.636" errors="0" timestamp="2023-06-15T10:03:58 IST" skipped="0">
  <testcase classname="demo_package.Annotations" name="loginWithValidCredetials" time="3.824"/>
  <system-out/>
  <testcase classname="demo_package.Annotations" name="loginWithInvalidCredetials" time="5.812"/>
  <system-out/>
</testsuite> <!-- demo_package.Annotations -->
