<?xml version="1.0" encoding="UTF-8"?>
<!-- Generated by org.testng.reporters.JUnitReportReporter -->
<testsuite hostname="LAPTOP-3PKIGPSN" failures="0" tests="4" name="practice.DataUtilization" time="0.010" errors="0" timestamp="2023-06-14T10:27:13 IST" skipped="0">
  <testcase classname="practice.DataUtilization" name="demo" time="0.001"/>
  <system-out/>
  <testcase classname="practice.DataUtilization" name="demo" time="0.007"/>
  <system-out/>
  <testcase classname="practice.DataUtilization" name="demo" time="0.001"/>
  <system-out/>
  <testcase classname="practice.DataUtilization" name="demo" time="0.001"/>
  <system-out/>
</testsuite> <!-- practice.DataUtilization -->
