<?xml version="1.0" encoding="UTF-8"?>
<!-- Generated by org.testng.reporters.JUnitReportReporter -->
<testsuite hostname="LAPTOP-3PKIGPSN" failures="0" tests="2" name="demo_package.Annotations2" time="9.237" errors="0" timestamp="2023-06-15T10:03:58 IST" skipped="0">
  <testcase classname="demo_package.Annotations2" name="loginWithInvalidCredetials" time="5.750"/>
  <system-out/>
  <testcase classname="demo_package.Annotations2" name="loginWithValidCredetials" time="3.487"/>
  <system-out/>
</testsuite> <!-- demo_package.Annotations2 -->
