<?xml version="1.0" encoding="UTF-8"?>
<!-- Generated by org.testng.reporters.JUnitReportReporter -->
<testsuite hostname="LAPTOP-3PKIGPSN" failures="0" tests="1" name="V_tiger.TC_04" time="28.700" errors="0" timestamp="2023-06-29T09:41:04 IST" skipped="0">
  <testcase classname="V_tiger.TC_04" name="createContactWithOrgName" time="28.700"/>
  <system-out/>
</testsuite> <!-- V_tiger.TC_04 -->
