<?xml version="1.0" encoding="UTF-8"?>
<!-- Generated by org.testng.reporters.JUnitReportReporter -->
<testsuite hostname="LAPTOP-3PKIGPSN" failures="0" tests="1" name="V_tiger.TC_01" time="10.931" errors="0" timestamp="2023-07-01T10:09:59 IST" skipped="0">
  <testcase classname="V_tiger.TC_01" name="createOraganization" time="10.931"/>
  <system-out/>
</testsuite> <!-- V_tiger.TC_01 -->
