<?xml version="1.0" encoding="UTF-8"?>
<!-- Generated by org.testng.reporters.JUnitReportReporter -->
<testsuite hostname="LAPTOP-3PKIGPSN" failures="0" tests="1" name="runner.TestRunner" time="0.271" errors="0" timestamp="18 Jul 2023 04:16:44 GMT" skipped="0">
  <testcase classname="runner.TestRunner" name="runScenario" time="0.271"/>
</testsuite> <!-- runner.TestRunner -->
